#
# A fatal error has been detected by the Java Runtime Environment:
#
#  SIGSEGV (0xb) at pc=0x000000010ca951b4, pid=74103, tid=0x0000000000003803
#
# JRE version: OpenJDK Runtime Environment (8.0_152-b01) (build 1.8.0_152-release-1248-b01)
# Java VM: OpenJDK 64-Bit Server VM (25.152-b01 mixed mode bsd-amd64 compressed oops)
# Problematic frame:
# V  [libjvm.dylib+0x2951b4]
#
# Failed to write core dump. Core dumps have been disabled. To enable core dumping, try "ulimit -c unlimited" before starting Java again
#
# If you would like to submit a bug report, please visit:
#   http://bugreport.java.com/bugreport/crash.jsp
#

---------------  T H R E A D  ---------------

Current thread (0x00007fd759809000):  JavaThread "C2 CompilerThread0" daemon [_thread_in_native, id=14339, stack(0x0000700008636000,0x0000700008736000)]

siginfo: si_signo: 11 (SIGSEGV), si_code: 0 (unknown), si_addr: 0x0000000000000000

Registers:
RAX=0x00000000000000d0, RBX=0x0000000000000035, RCX=0x00027fd75dde72c8, RDX=0x00007fd75dde7290
RSP=0x0000700008732340, RBP=0x0000700008732340, RSI=0x0000000000000000, RDI=0x00007fd75dde7290
R8 =0x00007fd75ddeb0f0, R9 =0x00007fd76100a520, R10=0x000000000000000b, R11=0x00007fd75981f810
R12=0x00007fd75dde7290, R13=0x00007fd75dac9908, R14=0x0000000000000000, R15=0x00007fd75dde7580
RIP=0x000000010ca951b4, EFLAGS=0x0000000000010246, ERR=0x0000000000000000
  TRAPNO=0x000000000000000d

Top of Stack: (sp=0x0000700008732340)
0x0000700008732340:   0000700008732470 000000010ca971a5
0x0000700008732350:   0000700008732370 000000010c947818
0x0000700008732360:   00007000087323a0 000000010cc4b947
0x0000700008732370:   0000700008734348 0000700008734368
0x0000700008732380:   00007fd760271aa8 0000700008733968
0x0000700008732390:   0000000000000003 0000000000000000
0x00007000087323a0:   0000700008732400 000000010cc8d3c6
0x00007000087323b0:   0000700008733968 0000700008735078
0x00007000087323c0:   0000700008732400 000000010cc4b947
0x00007000087323d0:   00007fd760276930 0000700008734368
0x00007000087323e0:   0000000000000048 00007fd760271aa8
0x00007000087323f0:   00007fd760276900 000070000000007d
0x0000700008732400:   0000700008732470 0000700008733968
0x0000700008732410:   00007fd760be99b0 0000700008733968
0x0000700008732420:   0000700008732470 000000010cc8b66b
0x0000700008732430:   0000700008733968 00007fd75ddeb178
0x0000700008732440:   9b9d9cd5cae60084 0000700008735078
0x0000700008732450:   0000700008733968 00007fd75dac9908
0x0000700008732460:   0000700008733968 00007000087342f0
0x0000700008732470:   00007000087324b0 000000010cc8ce32
0x0000700008732480:   00007fd75dac9908 0000700008735078
0x0000700008732490:   0000700008733968 000000000000027f
0x00007000087324a0:   0000700008734368 000000010cdd68fd
0x00007000087324b0:   00007000087324f0 000000010cc8cc07
0x00007000087324c0:   0000000000000000 0000700008732508
0x00007000087324d0:   0000700008735078 000000010d016158
0x00007000087324e0:   0000700008733968 0000000000000000
0x00007000087324f0:   0000700008734490 000000010c99ed5c
0x0000700008732500:   0000700008732570 000000010000000f
0x0000700008732510:   0000700008735078 0000700008733968
0x0000700008732520:   00007fd7609b0890 00007fd7609b0a18
0x0000700008732530:   00007fd7609b0e30 00007fd7609b0970 

Instructions: (pc=0x000000010ca951b4)
0x000000010ca95194:   48 89 02 45 89 f5 44 89 e8 48 83 c4 28 5b 41 5c
0x000000010ca951a4:   41 5d 41 5e 41 5f 5d c3 55 48 89 e5 48 8b 4f 08
0x000000010ca951b4:   48 8b 11 48 85 d2 74 3e 31 c0 48 39 fa 48 0f 45
0x000000010ca951c4:   c2 0f 85 c5 00 00 00 40 84 f6 0f 85 bc 00 00 00 

Register to memory mapping:

RAX=0x00000000000000d0 is an unknown value
RBX=0x0000000000000035 is an unknown value
RCX=0x00027fd75dde72c8 is an unknown value
RDX=0x00007fd75dde7290 is an unknown value
RSP=0x0000700008732340 is pointing into the stack for thread: 0x00007fd759809000
RBP=0x0000700008732340 is pointing into the stack for thread: 0x00007fd759809000
RSI=0x0000000000000000 is an unknown value
RDI=0x00007fd75dde7290 is an unknown value
R8 =0x00007fd75ddeb0f0 is an unknown value
R9 =0x00007fd76100a520 is an unknown value
R10=0x000000000000000b is an unknown value
R11=0x00007fd75981f810 is an unknown value
R12=0x00007fd75dde7290 is an unknown value
R13=0x00007fd75dac9908 is an unknown value
R14=0x0000000000000000 is an unknown value
R15=0x00007fd75dde7580 is an unknown value


Stack: [0x0000700008636000,0x0000700008736000],  sp=0x0000700008732340,  free space=1008k
Native frames: (J=compiled Java code, j=interpreted, Vv=VM code, C=native code)
V  [libjvm.dylib+0x2951b4]
V  [libjvm.dylib+0x2971a5]
V  [libjvm.dylib+0x48ce32]
V  [libjvm.dylib+0x48cc07]
V  [libjvm.dylib+0x19ed5c]
V  [libjvm.dylib+0x19ddb5]
V  [libjvm.dylib+0x13cfab]
V  [libjvm.dylib+0x1a959e]
V  [libjvm.dylib+0x1a8a93]
V  [libjvm.dylib+0x5326e8]
V  [libjvm.dylib+0x5325ad]
V  [libjvm.dylib+0x45fb8d]
C  [libsystem_pthread.dylib+0x3661]  _pthread_body+0x154
C  [libsystem_pthread.dylib+0x350d]  _pthread_body+0x0
C  [libsystem_pthread.dylib+0x2bf9]  thread_start+0xd
C  0x0000000000000000


Current CompileTask:
C2:3763238 20717       4       sun.nio.fs.UnixFileSystemProvider::readAttributes (63 bytes)


---------------  P R O C E S S  ---------------

Java Threads: ( => current thread )
  0x00007fd75ed10000 JavaThread "Build operations Thread 4" [_thread_blocked, id=35343, stack(0x0000700009d7b000,0x0000700009e7b000)]
  0x00007fd75ed11800 JavaThread "Build operations Thread 3" [_thread_blocked, id=34063, stack(0x0000700009c78000,0x0000700009d78000)]
  0x00007fd75efc7000 JavaThread "Build operations Thread 2" [_thread_blocked, id=22031, stack(0x0000700009b75000,0x0000700009c75000)]
  0x00007fd759b21800 JavaThread "Build operations" [_thread_blocked, id=24335, stack(0x0000700009a72000,0x0000700009b72000)]
  0x00007fd75aaf0000 JavaThread "Cache worker for cache directory md-rule (/Users/cetnav-mobile/.gradle/caches/4.10.1/md-rule)" [_thread_blocked, id=40463, stack(0x000070000986c000,0x000070000996c000)]
  0x00007fd7602f0800 JavaThread "Cache worker for cache directory md-supplier (/Users/cetnav-mobile/.gradle/caches/4.10.1/md-supplier)" [_thread_blocked, id=22543, stack(0x0000700009769000,0x0000700009869000)]
  0x00007fd75dc38800 JavaThread "Cache worker for file hash cache (/Users/cetnav-mobile/Downloads/penn/Tarf530/.gradle/4.10.1/fileHashes)" [_thread_blocked, id=40207, stack(0x0000700009563000,0x0000700009663000)]
  0x00007fd75dc8e000 JavaThread "Stdin handler" [_thread_blocked, id=36623, stack(0x000070000925a000,0x000070000935a000)]
  0x00007fd7602dd000 JavaThread "Asynchronous log dispatcher for DefaultDaemonConnection: socket connection from /127.0.0.1:64743 to /127.0.0.1:49326" [_thread_blocked, id=37651, stack(0x0000700009157000,0x0000700009257000)]
  0x00007fd759ac0800 JavaThread "Cancel handler" [_thread_blocked, id=26895, stack(0x0000700008f51000,0x0000700009051000)]
  0x00007fd75db6c000 JavaThread "Handler for socket connection from /127.0.0.1:64743 to /127.0.0.1:49326" [_thread_in_native, id=34579, stack(0x0000700008e4e000,0x0000700008f4e000)]
  0x00007fd759968800 JavaThread "Daemon worker Thread 3" [_thread_in_Java, id=38155, stack(0x0000700009054000,0x0000700009154000)]
  0x00007fd75a06f000 JavaThread "Daemon Thread 3" [_thread_blocked, id=16651, stack(0x0000700008c48000,0x0000700008d48000)]
  0x00007fd75deb9000 JavaThread "Cache worker for Java compile cache (/Users/cetnav-mobile/.gradle/caches/4.10.1/javaCompile)" [_thread_blocked, id=35075, stack(0x000070000aba5000,0x000070000aca5000)]
  0x00007fd75eb9f000 JavaThread "Cache worker for file content cache (/Users/cetnav-mobile/.gradle/caches/4.10.1/fileContent)" [_thread_blocked, id=38915, stack(0x000070000a084000,0x000070000a184000)]
  0x00007fd75a598000 JavaThread "Memory manager" [_thread_blocked, id=39171, stack(0x0000700009f81000,0x000070000a081000)]
  0x00007fd75b803000 JavaThread "pool-1-thread-1" [_thread_blocked, id=39427, stack(0x0000700009e7e000,0x0000700009f7e000)]
  0x00007fd75a6a8800 JavaThread "Cache worker for Artifact transforms cache (/Users/cetnav-mobile/.gradle/caches/transforms-1)" [_thread_blocked, id=23555, stack(0x000070000996f000,0x0000700009a6f000)]
  0x00007fd75add8800 JavaThread "Cache worker for journal cache (/Users/cetnav-mobile/.gradle/caches/journal-1)" [_thread_blocked, id=41475, stack(0x0000700009666000,0x0000700009766000)]
  0x00007fd759b72800 JavaThread "File lock request listener" [_thread_in_native, id=23043, stack(0x0000700009460000,0x0000700009560000)]
  0x00007fd7599bd000 JavaThread "Cache worker for file hash cache (/Users/cetnav-mobile/.gradle/caches/4.10.1/fileHashes)" [_thread_blocked, id=22787, stack(0x000070000935d000,0x000070000945d000)]
  0x00007fd7593ea800 JavaThread "Daemon periodic checks" [_thread_blocked, id=16387, stack(0x0000700008d4b000,0x0000700008e4b000)]
  0x00007fd75ada0000 JavaThread "Incoming local TCP Connector on port 64743" [_thread_in_native, id=17155, stack(0x0000700008b45000,0x0000700008c45000)]
  0x00007fd759814000 JavaThread "Service Thread" daemon [_thread_blocked, id=17923, stack(0x000070000893f000,0x0000700008a3f000)]
  0x00007fd759813800 JavaThread "C1 CompilerThread2" daemon [_thread_blocked, id=18435, stack(0x000070000883c000,0x000070000893c000)]
  0x00007fd759812800 JavaThread "C2 CompilerThread1" daemon [_thread_blocked, id=14595, stack(0x0000700008739000,0x0000700008839000)]
=>0x00007fd759809000 JavaThread "C2 CompilerThread0" daemon [_thread_in_native, id=14339, stack(0x0000700008636000,0x0000700008736000)]
  0x00007fd759808000 JavaThread "Signal Dispatcher" daemon [_thread_blocked, id=14091, stack(0x0000700008533000,0x0000700008633000)]
  0x00007fd759806000 JavaThread "Finalizer" daemon [_thread_blocked, id=12547, stack(0x00007000083ad000,0x00007000084ad000)]
  0x00007fd75a80a000 JavaThread "Reference Handler" daemon [_thread_blocked, id=12035, stack(0x00007000082aa000,0x00007000083aa000)]
  0x00007fd75a002000 JavaThread "main" [_thread_blocked, id=9987, stack(0x0000700007c98000,0x0000700007d98000)]

Other Threads:
  0x00007fd75a00e800 VMThread [stack: 0x00007000081a7000,0x00007000082a7000] [id=11523]
  0x00007fd75a001000 WatcherThread [stack: 0x0000700008a42000,0x0000700008b42000] [id=17411]

VM state:not at safepoint (normal execution)

VM Mutex/Monitor currently owned by a thread: None

Heap:
 PSYoungGen      total 495616K, used 73669K [0x00000007a0000000, 0x00000007c0000000, 0x00000007c0000000)
  eden space 467968K, 15% used [0x00000007a0000000,0x00000007a47f1790,0x00000007bc900000)
  from space 27648K, 0% used [0x00000007be500000,0x00000007be500000,0x00000007c0000000)
  to   space 28160K, 0% used [0x00000007bc900000,0x00000007bc900000,0x00000007be480000)
 ParOldGen       total 219136K, used 51755K [0x0000000760000000, 0x000000076d600000, 0x00000007a0000000)
  object space 219136K, 23% used [0x0000000760000000,0x000000076328af28,0x000000076d600000)
 Metaspace       used 96324K, capacity 100110K, committed 100648K, reserved 1136640K
  class space    used 12188K, capacity 12958K, committed 13104K, reserved 1048576K

Card table byte_map: [0x000000010d65c000,0x000000010d95d000] byte_map_base: 0x0000000109b5c000

Marking Bits: (ParMarkBitMap*) 0x000000010d02c8f8
 Begin Bits: [0x000000010db5d000, 0x000000010f35d000)
 End Bits:   [0x000000010f35d000, 0x0000000110b5d000)

Polling page: 0x000000010bef6000

CodeCache: size=245760Kb used=53295Kb max_used=53302Kb free=192464Kb
 bounds [0x0000000113101000, 0x0000000116551000, 0x0000000122101000]
 total_blobs=17839 nmethods=16923 adapters=827
 compilation: enabled

Compilation events (10 events):
Event: 3763.215 Thread 0x00007fd759813800 20745       3       org.gradle.api.internal.plugins.ExtensionsStorage::add (48 bytes)
Event: 3763.216 Thread 0x00007fd759813800 nmethod 20745 0x0000000116546210 code [0x0000000116546480, 0x0000000116547428]
Event: 3763.218 Thread 0x00007fd759813800 20746       3       org.gradle.api.internal.FactoryNamedDomainObjectContainer::doCreate (11 bytes)
Event: 3763.219 Thread 0x00007fd759813800 nmethod 20746 0x0000000116545d90 code [0x0000000116545f00, 0x0000000116546128]
Event: 3763.223 Thread 0x00007fd759813800 20748       3       java.math.MutableBigInteger::toBigInteger (28 bytes)
Event: 3763.224 Thread 0x00007fd759813800 nmethod 20748 0x0000000116545850 code [0x00000001165459e0, 0x0000000116545c98]
Event: 3763.224 Thread 0x00007fd759813800 20747       1       org.gradle.api.internal.tasks.DefaultTaskContainer::access$1400 (5 bytes)
Event: 3763.224 Thread 0x00007fd759813800 nmethod 20747 0x0000000116545590 code [0x00000001165456e0, 0x00000001165457d0]
Event: 3763.226 Thread 0x00007fd759812800 20749       4       java.util.concurrent.atomic.AtomicBoolean::set (14 bytes)
Event: 3763.227 Thread 0x00007fd759812800 nmethod 20749 0x0000000116523890 code [0x00000001165239e0, 0x0000000116523a58]

GC Heap History (10 events):
Event: 48.447 GC heap before
{Heap before GC invocations=20 (full 3):
 PSYoungGen      total 488448K, used 487607K [0x00000007a0000000, 0x00000007c0000000, 0x00000007c0000000)
  eden space 465920K, 99% used [0x00000007a0000000,0x00000007bc630db0,0x00000007bc700000)
  from space 22528K, 99% used [0x00000007bea00000,0x00000007bfffcfb0,0x00000007c0000000)
  to   space 29184K, 0% used [0x00000007bc700000,0x00000007bc700000,0x00000007be380000)
 ParOldGen       total 159232K, used 65918K [0x0000000760000000, 0x0000000769b80000, 0x00000007a0000000)
  object space 159232K, 41% used [0x0000000760000000,0x000000076405f960,0x0000000769b80000)
 Metaspace       used 82335K, capacity 85432K, committed 85680K, reserved 1124352K
  class space    used 10696K, capacity 11367K, committed 11440K, reserved 1048576K
Event: 48.517 GC heap after
Heap after GC invocations=20 (full 3):
 PSYoungGen      total 495104K, used 16177K [0x00000007a0000000, 0x00000007c0000000, 0x00000007c0000000)
  eden space 465920K, 0% used [0x00000007a0000000,0x00000007a0000000,0x00000007bc700000)
  from space 29184K, 55% used [0x00000007bc700000,0x00000007bd6cc530,0x00000007be380000)
  to   space 28160K, 0% used [0x00000007be480000,0x00000007be480000,0x00000007c0000000)
 ParOldGen       total 159232K, used 76059K [0x0000000760000000, 0x0000000769b80000, 0x00000007a0000000)
  object space 159232K, 47% used [0x0000000760000000,0x0000000764a46d98,0x0000000769b80000)
 Metaspace       used 82335K, capacity 85432K, committed 85680K, reserved 1124352K
  class space    used 10696K, capacity 11367K, committed 11440K, reserved 1048576K
}
Event: 3532.449 GC heap before
{Heap before GC invocations=21 (full 3):
 PSYoungGen      total 495104K, used 481907K [0x00000007a0000000, 0x00000007c0000000, 0x00000007c0000000)
  eden space 465920K, 99% used [0x00000007a0000000,0x00000007bc6d0858,0x00000007bc700000)
  from space 29184K, 55% used [0x00000007bc700000,0x00000007bd6cc530,0x00000007be380000)
  to   space 28160K, 0% used [0x00000007be480000,0x00000007be480000,0x00000007c0000000)
 ParOldGen       total 159232K, used 76059K [0x0000000760000000, 0x0000000769b80000, 0x00000007a0000000)
  object space 159232K, 47% used [0x0000000760000000,0x0000000764a46d98,0x0000000769b80000)
 Metaspace       used 88225K, capacity 91750K, committed 91952K, reserved 1128448K
  class space    used 11277K, capacity 11978K, committed 12080K, reserved 1048576K
Event: 3532.574 GC heap after
Heap after GC invocations=21 (full 3):
 PSYoungGen      total 494080K, used 17606K [0x00000007a0000000, 0x00000007bff00000, 0x00000007c0000000)
  eden space 466944K, 0% used [0x00000007a0000000,0x00000007a0000000,0x00000007bc800000)
  from space 27136K, 64% used [0x00000007be480000,0x00000007bf5b18f0,0x00000007bff00000)
  to   space 28160K, 0% used [0x00000007bc800000,0x00000007bc800000,0x00000007be380000)
 ParOldGen       total 159232K, used 89259K [0x0000000760000000, 0x0000000769b80000, 0x00000007a0000000)
  object space 159232K, 56% used [0x0000000760000000,0x000000076572af88,0x0000000769b80000)
 Metaspace       used 88225K, capacity 91750K, committed 91952K, reserved 1128448K
  class space    used 11277K, capacity 11978K, committed 12080K, reserved 1048576K
}
Event: 3533.723 GC heap before
{Heap before GC invocations=22 (full 3):
 PSYoungGen      total 494080K, used 484302K [0x00000007a0000000, 0x00000007bff00000, 0x00000007c0000000)
  eden space 466944K, 99% used [0x00000007a0000000,0x00000007bc7c1f68,0x00000007bc800000)
  from space 27136K, 64% used [0x00000007be480000,0x00000007bf5b18f0,0x00000007bff00000)
  to   space 28160K, 0% used [0x00000007bc800000,0x00000007bc800000,0x00000007be380000)
 ParOldGen       total 159232K, used 89259K [0x0000000760000000, 0x0000000769b80000, 0x00000007a0000000)
  object space 159232K, 56% used [0x0000000760000000,0x000000076572af88,0x0000000769b80000)
 Metaspace       used 88401K, capacity 91906K, committed 92208K, reserved 1130496K
  class space    used 11278K, capacity 11980K, committed 12080K, reserved 1048576K
Event: 3533.738 GC heap after
Heap after GC invocations=22 (full 3):
 PSYoungGen      total 495104K, used 9462K [0x00000007a0000000, 0x00000007c0000000, 0x00000007c0000000)
  eden space 466944K, 0% used [0x00000007a0000000,0x00000007a0000000,0x00000007bc800000)
  from space 28160K, 33% used [0x00000007bc800000,0x00000007bd13d838,0x00000007be380000)
  to   space 27648K, 0% used [0x00000007be500000,0x00000007be500000,0x00000007c0000000)
 ParOldGen       total 159232K, used 89267K [0x0000000760000000, 0x0000000769b80000, 0x00000007a0000000)
  object space 159232K, 56% used [0x0000000760000000,0x000000076572cf88,0x0000000769b80000)
 Metaspace       used 88401K, capacity 91906K, committed 92208K, reserved 1130496K
  class space    used 11278K, capacity 11980K, committed 12080K, reserved 1048576K
}
Event: 3756.781 GC heap before
{Heap before GC invocations=23 (full 3):
 PSYoungGen      total 495104K, used 302526K [0x00000007a0000000, 0x00000007c0000000, 0x00000007c0000000)
  eden space 466944K, 62% used [0x00000007a0000000,0x00000007b1e320a8,0x00000007bc800000)
  from space 28160K, 33% used [0x00000007bc800000,0x00000007bd13d838,0x00000007be380000)
  to   space 27648K, 0% used [0x00000007be500000,0x00000007be500000,0x00000007c0000000)
 ParOldGen       total 159232K, used 89267K [0x0000000760000000, 0x0000000769b80000, 0x00000007a0000000)
  object space 159232K, 56% used [0x0000000760000000,0x000000076572cf88,0x0000000769b80000)
 Metaspace       used 94548K, capacity 98568K, committed 98600K, reserved 1134592K
  class space    used 12034K, capacity 12833K, committed 12848K, reserved 1048576K
Event: 3756.807 GC heap after
Heap after GC invocations=23 (full 3):
 PSYoungGen      total 495616K, used 18159K [0x00000007a0000000, 0x00000007c0000000, 0x00000007c0000000)
  eden space 467968K, 0% used [0x00000007a0000000,0x00000007a0000000,0x00000007bc900000)
  from space 27648K, 65% used [0x00000007be500000,0x00000007bf6bbe60,0x00000007c0000000)
  to   space 28160K, 0% used [0x00000007bc900000,0x00000007bc900000,0x00000007be480000)
 ParOldGen       total 159232K, used 89275K [0x0000000760000000, 0x0000000769b80000, 0x00000007a0000000)
  object space 159232K, 56% used [0x0000000760000000,0x000000076572ef88,0x0000000769b80000)
 Metaspace       used 94548K, capacity 98568K, committed 98600K, reserved 1134592K
  class space    used 12034K, capacity 12833K, committed 12848K, reserved 1048576K
}
Event: 3756.807 GC heap before
{Heap before GC invocations=24 (full 4):
 PSYoungGen      total 495616K, used 18159K [0x00000007a0000000, 0x00000007c0000000, 0x00000007c0000000)
  eden space 467968K, 0% used [0x00000007a0000000,0x00000007a0000000,0x00000007bc900000)
  from space 27648K, 65% used [0x00000007be500000,0x00000007bf6bbe60,0x00000007c0000000)
  to   space 28160K, 0% used [0x00000007bc900000,0x00000007bc900000,0x00000007be480000)
 ParOldGen       total 159232K, used 89275K [0x0000000760000000, 0x0000000769b80000, 0x00000007a0000000)
  object space 159232K, 56% used [0x0000000760000000,0x000000076572ef88,0x0000000769b80000)
 Metaspace       used 94548K, capacity 98568K, committed 98600K, reserved 1134592K
  class space    used 12034K, capacity 12833K, committed 12848K, reserved 1048576K
Event: 3757.188 GC heap after
Heap after GC invocations=24 (full 4):
 PSYoungGen      total 495616K, used 0K [0x00000007a0000000, 0x00000007c0000000, 0x00000007c0000000)
  eden space 467968K, 0% used [0x00000007a0000000,0x00000007a0000000,0x00000007bc900000)
  from space 27648K, 0% used [0x00000007be500000,0x00000007be500000,0x00000007c0000000)
  to   space 28160K, 0% used [0x00000007bc900000,0x00000007bc900000,0x00000007be480000)
 ParOldGen       total 219136K, used 51755K [0x0000000760000000, 0x000000076d600000, 0x00000007a0000000)
  object space 219136K, 23% used [0x0000000760000000,0x000000076328af28,0x000000076d600000)
 Metaspace       used 94037K, capacity 97550K, committed 98600K, reserved 1134592K
  class space    used 11923K, capacity 12638K, committed 12848K, reserved 1048576K
}

Deoptimization events (10 events):
Event: 3758.466 Thread 0x00007fd759968800 Uncommon trap: reason=bimorphic action=maybe_recompile pc=0x0000000116022d0c method=org.gradle.api.internal.attributes.DefaultImmutableAttributes.get()Ljava/lang/Object; @ 4
Event: 3758.506 Thread 0x00007fd759968800 Uncommon trap: reason=unstable_if action=reinterpret pc=0x00000001161f353c method=com.sun.org.apache.xerces.internal.impl.XMLNSDocumentScannerImpl.scanAttribute(Lcom/sun/org/apache/xerces/internal/util/XMLAttributesImpl;)V @ 688
Event: 3758.558 Thread 0x00007fd759968800 Uncommon trap: reason=predicate action=maybe_recompile pc=0x0000000114f52614 method=java.util.Arrays.fill([Ljava/lang/Object;IILjava/lang/Object;)V @ 16
Event: 3758.958 Thread 0x00007fd759968800 Uncommon trap: reason=bimorphic action=maybe_recompile pc=0x0000000116022d0c method=org.gradle.api.internal.attributes.DefaultImmutableAttributes.get()Ljava/lang/Object; @ 4
Event: 3758.958 Thread 0x00007fd759968800 Uncommon trap: reason=bimorphic action=maybe_recompile pc=0x0000000116022d0c method=org.gradle.api.internal.attributes.DefaultImmutableAttributes.get()Ljava/lang/Object; @ 4
Event: 3758.986 Thread 0x00007fd759968800 Uncommon trap: reason=unstable_if action=reinterpret pc=0x00000001150cb544 method=java.lang.ref.SoftReference.get()Ljava/lang/Object; @ 6
Event: 3759.249 Thread 0x00007fd759968800 Uncommon trap: reason=unstable_if action=reinterpret pc=0x00000001159b4fa0 method=java.text.DecimalFormat.subformat(Ljava/lang/StringBuffer;Ljava/text/Format$FieldDelegate;ZZIIII)Ljava/lang/StringBuffer; @ 814
Event: 3759.306 Thread 0x00007fd7603d4000 Uncommon trap: reason=unstable_if action=reinterpret pc=0x0000000113946bb0 method=com.esotericsoftware.kryo.io.Input.require(I)I @ 117
Event: 3762.746 Thread 0x00007fd759b21800 Uncommon trap: reason=unstable_if action=reinterpret pc=0x00000001147717c0 method=java.util.concurrent.ConcurrentHashMap.initTable()[Ljava/util/concurrent/ConcurrentHashMap$Node; @ 41
Event: 3762.865 Thread 0x00007fd759968800 Uncommon trap: reason=null_check action=make_not_entrant pc=0x00000001135e9358 method=org.gradle.api.internal.collections.CollectionFilter.filter(Ljava/lang/Object;)Ljava/lang/Object; @ 5

Classes redefined (0 events):
No events

Internal exceptions (10 events):
Event: 3762.983 Thread 0x00007fd759968800 Exception <a 'sun/nio/fs/UnixException'> (0x00000007a42e9990) thrown at [/Volumes/android/AOSP-openjdk-git/jdk8u/hotspot/src/share/vm/prims/jni.cpp, line 709]
Event: 3762.983 Thread 0x00007fd759968800 Exception <a 'sun/nio/fs/UnixException'> (0x00000007a42eb240) thrown at [/Volumes/android/AOSP-openjdk-git/jdk8u/hotspot/src/share/vm/prims/jni.cpp, line 709]
Event: 3762.983 Thread 0x00007fd759968800 Exception <a 'sun/nio/fs/UnixException'> (0x00000007a42ed598) thrown at [/Volumes/android/AOSP-openjdk-git/jdk8u/hotspot/src/share/vm/prims/jni.cpp, line 709]
Event: 3762.983 Thread 0x00007fd759968800 Exception <a 'sun/nio/fs/UnixException'> (0x00000007a42eeeb8) thrown at [/Volumes/android/AOSP-openjdk-git/jdk8u/hotspot/src/share/vm/prims/jni.cpp, line 709]
Event: 3762.984 Thread 0x00007fd759968800 Exception <a 'sun/nio/fs/UnixException'> (0x00000007a42f1630) thrown at [/Volumes/android/AOSP-openjdk-git/jdk8u/hotspot/src/share/vm/prims/jni.cpp, line 709]
Event: 3762.984 Thread 0x00007fd759968800 Exception <a 'sun/nio/fs/UnixException'> (0x00000007a42f3048) thrown at [/Volumes/android/AOSP-openjdk-git/jdk8u/hotspot/src/share/vm/prims/jni.cpp, line 709]
Event: 3762.984 Thread 0x00007fd759968800 Exception <a 'sun/nio/fs/UnixException'> (0x00000007a42f7598) thrown at [/Volumes/android/AOSP-openjdk-git/jdk8u/hotspot/src/share/vm/prims/jni.cpp, line 709]
Event: 3762.984 Thread 0x00007fd759968800 Exception <a 'sun/nio/fs/UnixException'> (0x00000007a42f8f68) thrown at [/Volumes/android/AOSP-openjdk-git/jdk8u/hotspot/src/share/vm/prims/jni.cpp, line 709]
Event: 3762.985 Thread 0x00007fd759968800 Exception <a 'sun/nio/fs/UnixException'> (0x00000007a42fd038) thrown at [/Volumes/android/AOSP-openjdk-git/jdk8u/hotspot/src/share/vm/prims/jni.cpp, line 709]
Event: 3762.985 Thread 0x00007fd759968800 Exception <a 'sun/nio/fs/UnixException'> (0x00000007a42fe7f8) thrown at [/Volumes/android/AOSP-openjdk-git/jdk8u/hotspot/src/share/vm/prims/jni.cpp, line 709]

Events (10 events):
Event: 3762.745 Executing VM operation: RevokeBias done
Event: 3762.745 Thread 0x00007fd75efc7000 Thread added: 0x00007fd75efc7000
Event: 3762.746 Thread 0x00007fd759b21800 Uncommon trap: trap_request=0xffffff65 fr.pc=0x00000001147717c0
Event: 3762.746 Thread 0x00007fd759b21800 DEOPT PACKING pc=0x00000001147717c0 sp=0x0000700009b70cc0
Event: 3762.746 Thread 0x00007fd759b21800 DEOPT UNPACKING pc=0x000000011314647a sp=0x0000700009b70be0 mode 2
Event: 3762.747 Thread 0x00007fd75ed11800 Thread added: 0x00007fd75ed11800
Event: 3762.748 Thread 0x00007fd75ed10000 Thread added: 0x00007fd75ed10000
Event: 3762.865 Thread 0x00007fd759968800 Uncommon trap: trap_request=0xfffffff4 fr.pc=0x00000001135e9358
Event: 3762.865 Thread 0x00007fd759968800 DEOPT PACKING pc=0x00000001135e9358 sp=0x0000700009150b60
Event: 3762.865 Thread 0x00007fd759968800 DEOPT UNPACKING pc=0x000000011314647a sp=0x0000700009150b28 mode 2


Dynamic libraries:
0x0000000008c1a000 	/System/Library/Frameworks/Cocoa.framework/Versions/A/Cocoa
0x0000000008c1a000 	/System/Library/Frameworks/Security.framework/Versions/A/Security
0x0000000008c1a000 	/System/Library/Frameworks/ApplicationServices.framework/Versions/A/ApplicationServices
0x0000000008c1a000 	/usr/lib/libz.1.dylib
0x0000000008c1a000 	/usr/lib/libSystem.B.dylib
0x0000000008c1a000 	/System/Library/Frameworks/CoreFoundation.framework/Versions/A/CoreFoundation
0x0000000008c1a000 	/System/Library/Frameworks/Foundation.framework/Versions/C/Foundation
0x0000000008c1a000 	/usr/lib/libobjc.A.dylib
0x0000000008c1a000 	/System/Library/Frameworks/AppKit.framework/Versions/C/AppKit
0x0000000008c1a000 	/System/Library/Frameworks/CoreData.framework/Versions/A/CoreData
0x0000000008c1a000 	/System/Library/PrivateFrameworks/RemoteViewServices.framework/Versions/A/RemoteViewServices
0x0000000008c1a000 	/System/Library/PrivateFrameworks/UIFoundation.framework/Versions/A/UIFoundation
0x0000000008c1a000 	/System/Library/PrivateFrameworks/DFRFoundation.framework/Versions/A/DFRFoundation
0x0000000008c1a000 	/System/Library/Frameworks/Metal.framework/Versions/A/Metal
0x0000000008c1a000 	/System/Library/PrivateFrameworks/DesktopServicesPriv.framework/Versions/A/DesktopServicesPriv
0x0000000008c1a000 	/usr/lib/libenergytrace.dylib
0x0000000008c1a000 	/System/Library/PrivateFrameworks/SkyLight.framework/Versions/A/SkyLight
0x0000000008c1a000 	/System/Library/Frameworks/CoreGraphics.framework/Versions/A/CoreGraphics
0x0000000008c1a000 	/usr/lib/libScreenReader.dylib
0x0000000008c1a000 	/System/Library/Frameworks/Accelerate.framework/Versions/A/Accelerate
0x0000000008c1a000 	/System/Library/Frameworks/IOSurface.framework/Versions/A/IOSurface
0x0000000008c1a000 	/System/Library/Frameworks/AudioToolbox.framework/Versions/A/AudioToolbox
0x0000000008c1a000 	/System/Library/Frameworks/AudioUnit.framework/Versions/A/AudioUnit
0x0000000008c1a000 	/System/Library/PrivateFrameworks/DataDetectorsCore.framework/Versions/A/DataDetectorsCore
0x0000000008c1a000 	/System/Library/Frameworks/Carbon.framework/Versions/A/Frameworks/HIToolbox.framework/Versions/A/HIToolbox
0x0000000008c1a000 	/usr/lib/libicucore.A.dylib
0x0000000008c1a000 	/System/Library/Frameworks/QuartzCore.framework/Versions/A/QuartzCore
0x0000000008c1a000 	/System/Library/PrivateFrameworks/SignpostNotification.framework/Versions/A/SignpostNotification
0x0000000008c1a000 	/System/Library/Frameworks/Carbon.framework/Versions/A/Frameworks/SpeechRecognition.framework/Versions/A/SpeechRecognition
0x0000000008c1a000 	/usr/lib/libauto.dylib
0x0000000008c1a000 	/usr/lib/libxml2.2.dylib
0x0000000008c1a000 	/System/Library/PrivateFrameworks/CoreUI.framework/Versions/A/CoreUI
0x0000000008c1a000 	/System/Library/Frameworks/CoreAudio.framework/Versions/A/CoreAudio
0x0000000008c1a000 	/System/Library/Frameworks/DiskArbitration.framework/Versions/A/DiskArbitration
0x0000000008c1a000 	/usr/lib/liblangid.dylib
0x0000000008c1a000 	/System/Library/PrivateFrameworks/MultitouchSupport.framework/Versions/A/MultitouchSupport
0x0000000008c1a000 	/System/Library/Frameworks/IOKit.framework/Versions/A/IOKit
0x0000000008c1a000 	/usr/lib/libDiagnosticMessagesClient.dylib
0x0000000008c1a000 	/System/Library/Frameworks/CoreServices.framework/Versions/A/CoreServices
0x0000000008c1a000 	/System/Library/PrivateFrameworks/PerformanceAnalysis.framework/Versions/A/PerformanceAnalysis
0x0000000008c1a000 	/System/Library/Frameworks/OpenGL.framework/Versions/A/OpenGL
0x0000000008c1a000 	/System/Library/Frameworks/ColorSync.framework/Versions/A/ColorSync
0x0000000008c1a000 	/System/Library/Frameworks/CoreImage.framework/Versions/A/CoreImage
0x0000000008c1a000 	/System/Library/Frameworks/CoreText.framework/Versions/A/CoreText
0x0000000008c1a000 	/System/Library/Frameworks/ImageIO.framework/Versions/A/ImageIO
0x0000000008c1a000 	/System/Library/PrivateFrameworks/Backup.framework/Versions/A/Backup
0x0000000008c1a000 	/usr/lib/libarchive.2.dylib
0x0000000008c1a000 	/System/Library/Frameworks/CFNetwork.framework/Versions/A/CFNetwork
0x0000000008c1a000 	/System/Library/Frameworks/SystemConfiguration.framework/Versions/A/SystemConfiguration
0x0000000008c1a000 	/usr/lib/libCRFSuite.dylib
0x0000000008c1a000 	/usr/lib/libc++.1.dylib
0x0000000008c1a000 	/usr/lib/libc++abi.dylib
0x0000000008c1a000 	/usr/lib/system/libcache.dylib
0x0000000008c1a000 	/usr/lib/system/libcommonCrypto.dylib
0x0000000008c1a000 	/usr/lib/system/libcompiler_rt.dylib
0x0000000008c1a000 	/usr/lib/system/libcopyfile.dylib
0x0000000008c1a000 	/usr/lib/system/libcorecrypto.dylib
0x0000000008c1a000 	/usr/lib/system/libdispatch.dylib
0x0000000008c1a000 	/usr/lib/system/libdyld.dylib
0x0000000008c1a000 	/usr/lib/system/libkeymgr.dylib
0x0000000008c1a000 	/usr/lib/system/liblaunch.dylib
0x0000000008c1a000 	/usr/lib/system/libmacho.dylib
0x0000000008c1a000 	/usr/lib/system/libquarantine.dylib
0x0000000008c1a000 	/usr/lib/system/libremovefile.dylib
0x0000000008c1a000 	/usr/lib/system/libsystem_asl.dylib
0x0000000008c1a000 	/usr/lib/system/libsystem_blocks.dylib
0x0000000008c1a000 	/usr/lib/system/libsystem_c.dylib
0x0000000008c1a000 	/usr/lib/system/libsystem_configuration.dylib
0x0000000008c1a000 	/usr/lib/system/libsystem_coreservices.dylib
0x0000000008c1a000 	/usr/lib/system/libsystem_darwin.dylib
0x0000000008c1a000 	/usr/lib/system/libsystem_dnssd.dylib
0x0000000008c1a000 	/usr/lib/system/libsystem_info.dylib
0x0000000008c1a000 	/usr/lib/system/libsystem_m.dylib
0x0000000008c1a000 	/usr/lib/system/libsystem_malloc.dylib
0x0000000008c1a000 	/usr/lib/system/libsystem_network.dylib
0x0000000008c1a000 	/usr/lib/system/libsystem_networkextension.dylib
0x0000000008c1a000 	/usr/lib/system/libsystem_notify.dylib
0x0000000008c1a000 	/usr/lib/system/libsystem_sandbox.dylib
0x0000000008c1a000 	/usr/lib/system/libsystem_secinit.dylib
0x0000000008c1a000 	/usr/lib/system/libsystem_kernel.dylib
0x0000000008c1a000 	/usr/lib/system/libsystem_platform.dylib
0x0000000008c1a000 	/usr/lib/system/libsystem_pthread.dylib
0x0000000008c1a000 	/usr/lib/system/libsystem_symptoms.dylib
0x0000000008c1a000 	/usr/lib/system/libsystem_trace.dylib
0x0000000008c1a000 	/usr/lib/system/libunwind.dylib
0x0000000008c1a000 	/usr/lib/system/libxpc.dylib
0x0000000008c1a000 	/usr/lib/closure/libclosured.dylib
0x0000000008c1a000 	/usr/lib/libbsm.0.dylib
0x0000000008c1a000 	/usr/lib/system/libkxld.dylib
0x0000000008c1a000 	/usr/lib/libOpenScriptingUtil.dylib
0x0000000008c1a000 	/usr/lib/libcoretls.dylib
0x0000000008c1a000 	/usr/lib/libcoretls_cfhelpers.dylib
0x0000000008c1a000 	/usr/lib/libpam.2.dylib
0x0000000008c1a000 	/usr/lib/libsqlite3.dylib
0x0000000008c1a000 	/usr/lib/libxar.1.dylib
0x0000000008c1a000 	/usr/lib/libbz2.1.0.dylib
0x0000000008c1a000 	/usr/lib/liblzma.5.dylib
0x0000000008c1a000 	/usr/lib/libnetwork.dylib
0x0000000008c1a000 	/usr/lib/libapple_nghttp2.dylib
0x0000000008c1a000 	/usr/lib/libpcap.A.dylib
0x0000000008c1a000 	/usr/lib/libboringssl.dylib
0x0000000008c1a000 	/usr/lib/libusrtcp.dylib
0x0000000008c1a000 	/usr/lib/libapple_crypto.dylib
0x0000000008c1a000 	/System/Library/Frameworks/CoreServices.framework/Versions/A/Frameworks/FSEvents.framework/Versions/A/FSEvents
0x0000000008c1a000 	/System/Library/Frameworks/CoreServices.framework/Versions/A/Frameworks/CarbonCore.framework/Versions/A/CarbonCore
0x0000000008c1a000 	/System/Library/Frameworks/CoreServices.framework/Versions/A/Frameworks/Metadata.framework/Versions/A/Metadata
0x0000000008c1a000 	/System/Library/Frameworks/CoreServices.framework/Versions/A/Frameworks/OSServices.framework/Versions/A/OSServices
0x0000000008c1a000 	/System/Library/Frameworks/CoreServices.framework/Versions/A/Frameworks/SearchKit.framework/Versions/A/SearchKit
0x0000000008c1a000 	/System/Library/Frameworks/CoreServices.framework/Versions/A/Frameworks/AE.framework/Versions/A/AE
0x0000000008c1a000 	/System/Library/Frameworks/CoreServices.framework/Versions/A/Frameworks/LaunchServices.framework/Versions/A/LaunchServices
0x0000000008c1a000 	/System/Library/Frameworks/CoreServices.framework/Versions/A/Frameworks/DictionaryServices.framework/Versions/A/DictionaryServices
0x0000000008c1a000 	/System/Library/Frameworks/CoreServices.framework/Versions/A/Frameworks/SharedFileList.framework/Versions/A/SharedFileList
0x0000000008c1a000 	/System/Library/Frameworks/NetFS.framework/Versions/A/NetFS
0x0000000008c1a000 	/System/Library/PrivateFrameworks/NetAuth.framework/Versions/A/NetAuth
0x0000000008c1a000 	/System/Library/PrivateFrameworks/login.framework/Versions/A/Frameworks/loginsupport.framework/Versions/A/loginsupport
0x0000000008c1a000 	/System/Library/PrivateFrameworks/TCC.framework/Versions/A/TCC
0x0000000008c1a000 	/usr/lib/libmecabra.dylib
0x0000000008c1a000 	/System/Library/Frameworks/ApplicationServices.framework/Versions/A/Frameworks/ATS.framework/Versions/A/ATS
0x0000000008c1a000 	/System/Library/Frameworks/ApplicationServices.framework/Versions/A/Frameworks/ColorSyncLegacy.framework/Versions/A/ColorSyncLegacy
0x0000000008c1a000 	/System/Library/Frameworks/ApplicationServices.framework/Versions/A/Frameworks/HIServices.framework/Versions/A/HIServices
0x0000000008c1a000 	/System/Library/Frameworks/ApplicationServices.framework/Versions/A/Frameworks/LangAnalysis.framework/Versions/A/LangAnalysis
0x0000000008c1a000 	/System/Library/Frameworks/ApplicationServices.framework/Versions/A/Frameworks/PrintCore.framework/Versions/A/PrintCore
0x0000000008c1a000 	/System/Library/Frameworks/ApplicationServices.framework/Versions/A/Frameworks/QD.framework/Versions/A/QD
0x0000000008c1a000 	/System/Library/Frameworks/ApplicationServices.framework/Versions/A/Frameworks/SpeechSynthesis.framework/Versions/A/SpeechSynthesis
0x0000000008c1a000 	/System/Library/Frameworks/CoreDisplay.framework/Versions/A/CoreDisplay
0x0000000008c1a000 	/System/Library/Frameworks/Accelerate.framework/Versions/A/Frameworks/vImage.framework/Versions/A/vImage
0x0000000008c1a000 	/System/Library/Frameworks/Accelerate.framework/Versions/A/Frameworks/vecLib.framework/Versions/A/vecLib
0x0000000008c1a000 	/System/Library/Frameworks/Accelerate.framework/Versions/A/Frameworks/vecLib.framework/Versions/A/libvDSP.dylib
0x0000000008c1a000 	/System/Library/Frameworks/Accelerate.framework/Versions/A/Frameworks/vecLib.framework/Versions/A/libBNNS.dylib
0x0000000008c1a000 	/System/Library/Frameworks/Accelerate.framework/Versions/A/Frameworks/vecLib.framework/Versions/A/libQuadrature.dylib
0x0000000008c1a000 	/System/Library/Frameworks/Accelerate.framework/Versions/A/Frameworks/vecLib.framework/Versions/A/libvMisc.dylib
0x0000000008c1a000 	/System/Library/Frameworks/Accelerate.framework/Versions/A/Frameworks/vecLib.framework/Versions/A/libLAPACK.dylib
0x0000000008c1a000 	/System/Library/Frameworks/Accelerate.framework/Versions/A/Frameworks/vecLib.framework/Versions/A/libBLAS.dylib
0x0000000008c1a000 	/System/Library/Frameworks/Accelerate.framework/Versions/A/Frameworks/vecLib.framework/Versions/A/libLinearAlgebra.dylib
0x0000000008c1a000 	/System/Library/Frameworks/Accelerate.framework/Versions/A/Frameworks/vecLib.framework/Versions/A/libSparse.dylib
0x0000000008c1a000 	/System/Library/Frameworks/Accelerate.framework/Versions/A/Frameworks/vecLib.framework/Versions/A/libSparseBLAS.dylib
0x0000000008c1a000 	/System/Library/PrivateFrameworks/GPUWrangler.framework/Versions/A/GPUWrangler
0x0000000008c1a000 	/System/Library/PrivateFrameworks/IOAccelerator.framework/Versions/A/IOAccelerator
0x0000000008c1a000 	/System/Library/PrivateFrameworks/IOPresentment.framework/Versions/A/IOPresentment
0x0000000008c1a000 	/System/Library/PrivateFrameworks/DSExternalDisplay.framework/Versions/A/DSExternalDisplay
0x0000000008c1a000 	/System/Library/Frameworks/OpenGL.framework/Versions/A/Libraries/libCoreFSCache.dylib
0x0000000008c1a000 	/System/Library/Frameworks/CoreVideo.framework/Versions/A/CoreVideo
0x0000000008c1a000 	/System/Library/PrivateFrameworks/GraphVisualizer.framework/Versions/A/GraphVisualizer
0x0000000008c1a000 	/System/Library/Frameworks/MetalPerformanceShaders.framework/Versions/A/MetalPerformanceShaders
0x0000000008c1a000 	/usr/lib/libFosl_dynamic.dylib
0x0000000008c1a000 	/System/Library/PrivateFrameworks/FaceCore.framework/Versions/A/FaceCore
0x0000000008c1a000 	/System/Library/Frameworks/OpenCL.framework/Versions/A/OpenCL
0x0000000008c1a000 	/usr/lib/libcompression.dylib
0x0000000008c1a000 	/System/Library/Frameworks/ApplicationServices.framework/Versions/A/Frameworks/ATS.framework/Versions/A/Resources/libFontParser.dylib
0x0000000008c1a000 	/System/Library/Frameworks/ApplicationServices.framework/Versions/A/Frameworks/ATS.framework/Versions/A/Resources/libFontRegistry.dylib
0x0000000008c1a000 	/System/Library/Frameworks/ImageIO.framework/Versions/A/Resources/libJPEG.dylib
0x0000000008c1a000 	/System/Library/Frameworks/ImageIO.framework/Versions/A/Resources/libTIFF.dylib
0x0000000008c1a000 	/System/Library/Frameworks/ImageIO.framework/Versions/A/Resources/libPng.dylib
0x0000000008c1a000 	/System/Library/Frameworks/ImageIO.framework/Versions/A/Resources/libGIF.dylib
0x0000000008c1a000 	/System/Library/Frameworks/ImageIO.framework/Versions/A/Resources/libJP2.dylib
0x0000000008c1a000 	/System/Library/Frameworks/ImageIO.framework/Versions/A/Resources/libRadiance.dylib
0x0000000008c1a000 	/System/Library/PrivateFrameworks/AppleJPEG.framework/Versions/A/AppleJPEG
0x0000000008c1a000 	/System/Library/Frameworks/MetalPerformanceShaders.framework/Frameworks/MPSCore.framework/Versions/A/MPSCore
0x0000000008c1a000 	/System/Library/Frameworks/MetalPerformanceShaders.framework/Frameworks/MPSImage.framework/Versions/A/MPSImage
0x0000000008c1a000 	/System/Library/Frameworks/MetalPerformanceShaders.framework/Frameworks/MPSNeuralNetwork.framework/Versions/A/MPSNeuralNetwork
0x0000000008c1a000 	/System/Library/Frameworks/MetalPerformanceShaders.framework/Frameworks/MPSMatrix.framework/Versions/A/MPSMatrix
0x0000000008c1a000 	/System/Library/PrivateFrameworks/MetalTools.framework/Versions/A/MetalTools
0x0000000008c1a000 	/System/Library/Frameworks/OpenGL.framework/Versions/A/Libraries/libGLU.dylib
0x0000000008c1a000 	/System/Library/Frameworks/OpenGL.framework/Versions/A/Libraries/libGFXShared.dylib
0x0000000008c1a000 	/System/Library/Frameworks/OpenGL.framework/Versions/A/Libraries/libGL.dylib
0x0000000008c1a000 	/System/Library/Frameworks/OpenGL.framework/Versions/A/Libraries/libGLImage.dylib
0x0000000008c1a000 	/System/Library/Frameworks/OpenGL.framework/Versions/A/Libraries/libCVMSPluginSupport.dylib
0x0000000008c1a000 	/System/Library/Frameworks/OpenGL.framework/Versions/A/Libraries/libCoreVMClient.dylib
0x0000000008c1a000 	/usr/lib/libcups.2.dylib
0x0000000008c1a000 	/System/Library/Frameworks/Kerberos.framework/Versions/A/Kerberos
0x0000000008c1a000 	/System/Library/Frameworks/GSS.framework/Versions/A/GSS
0x0000000008c1a000 	/usr/lib/libresolv.9.dylib
0x0000000008c1a000 	/usr/lib/libiconv.2.dylib
0x0000000008c1a000 	/System/Library/PrivateFrameworks/Heimdal.framework/Versions/A/Heimdal
0x0000000008c1a000 	/usr/lib/libheimdal-asn1.dylib
0x0000000008c1a000 	/System/Library/Frameworks/OpenDirectory.framework/Versions/A/OpenDirectory
0x0000000008c1a000 	/System/Library/PrivateFrameworks/CommonAuth.framework/Versions/A/CommonAuth
0x0000000008c1a000 	/System/Library/Frameworks/OpenDirectory.framework/Versions/A/Frameworks/CFOpenDirectory.framework/Versions/A/CFOpenDirectory
0x0000000008c1a000 	/System/Library/Frameworks/SecurityFoundation.framework/Versions/A/SecurityFoundation
0x0000000008c1a000 	/System/Library/PrivateFrameworks/APFS.framework/Versions/A/APFS
0x0000000008c1a000 	/usr/lib/libutil.dylib
0x0000000008c1a000 	/System/Library/PrivateFrameworks/AppleSauce.framework/Versions/A/AppleSauce
0x0000000008c1a000 	/System/Library/PrivateFrameworks/LinguisticData.framework/Versions/A/LinguisticData
0x0000000008c1a000 	/usr/lib/libmarisa.dylib
0x0000000008c1a000 	/System/Library/PrivateFrameworks/Lexicon.framework/Versions/A/Lexicon
0x0000000008c1a000 	/usr/lib/libChineseTokenizer.dylib
0x0000000008c1a000 	/usr/lib/libcmph.dylib
0x0000000008c1a000 	/System/Library/PrivateFrameworks/LanguageModeling.framework/Versions/A/LanguageModeling
0x0000000008c1a000 	/System/Library/PrivateFrameworks/CoreEmoji.framework/Versions/A/CoreEmoji
0x0000000008c1a000 	/System/Library/Frameworks/ServiceManagement.framework/Versions/A/ServiceManagement
0x0000000008c1a000 	/System/Library/PrivateFrameworks/BackgroundTaskManagement.framework/Versions/A/BackgroundTaskManagement
0x0000000008c1a000 	/usr/lib/libxslt.1.dylib
0x0000000008c1a000 	/System/Library/Frameworks/Carbon.framework/Versions/A/Frameworks/Ink.framework/Versions/A/Ink
0x0000000008c1a000 	/System/Library/PrivateFrameworks/TextureIO.framework/Versions/A/TextureIO
0x0000000008c1a000 	/usr/lib/libate.dylib
0x0000000008c1a000 	/System/Library/PrivateFrameworks/CrashReporterSupport.framework/Versions/A/CrashReporterSupport
0x0000000008c1a000 	/System/Library/PrivateFrameworks/Sharing.framework/Versions/A/Sharing
0x0000000008c1a000 	/System/Library/PrivateFrameworks/IconServices.framework/Versions/A/IconServices
0x0000000008c1a000 	/System/Library/PrivateFrameworks/Apple80211.framework/Versions/A/Apple80211
0x0000000008c1a000 	/System/Library/PrivateFrameworks/CoreUtils.framework/Versions/A/CoreUtils
0x0000000008c1a000 	/System/Library/Frameworks/CoreWLAN.framework/Versions/A/CoreWLAN
0x0000000008c1a000 	/System/Library/Frameworks/IOBluetooth.framework/Versions/A/IOBluetooth
0x0000000008c1a000 	/System/Library/PrivateFrameworks/ProtocolBuffer.framework/Versions/A/ProtocolBuffer
0x0000000008c1a000 	/System/Library/PrivateFrameworks/CoreWiFi.framework/Versions/A/CoreWiFi
0x0000000008c1a000 	/System/Library/Frameworks/CoreBluetooth.framework/Versions/A/CoreBluetooth
0x0000000008c1a000 	/System/Library/PrivateFrameworks/DebugSymbols.framework/Versions/A/DebugSymbols
0x0000000008c1a000 	/System/Library/PrivateFrameworks/CoreSymbolication.framework/Versions/A/CoreSymbolication
0x0000000008c1a000 	/System/Library/PrivateFrameworks/Symbolication.framework/Versions/A/Symbolication
0x0000000008c1a000 	/System/Library/PrivateFrameworks/AppleFSCompression.framework/Versions/A/AppleFSCompression
0x0000000008c1a000 	/System/Library/PrivateFrameworks/SpeechRecognitionCore.framework/Versions/A/SpeechRecognitionCore
0x0000000008c1a000 	/System/Library/CoreServices/Encodings/libSimplifiedChineseConverter.dylib
0x000000010c800000 	/Applications/AndroidStudio.app/Contents/jre/jdk/Contents/Home/jre/lib/server/libjvm.dylib
0x0000000008c1a000 	/usr/lib/libstdc++.6.0.9.dylib
0x000000010beb6000 	/Applications/AndroidStudio.app/Contents/jre/jdk/Contents/Home/jre/lib/libverify.dylib
0x000000010bec2000 	/Applications/AndroidStudio.app/Contents/jre/jdk/Contents/Home/jre/lib/libjava.dylib
0x000000010bf40000 	/Applications/AndroidStudio.app/Contents/jre/jdk/Contents/Home/jre/lib/libzip.dylib
0x0000000112fb5000 	/Applications/AndroidStudio.app/Contents/jre/jdk/Contents/Home/jre/lib/libnet.dylib
0x0000000112fcc000 	/Applications/AndroidStudio.app/Contents/jre/jdk/Contents/Home/jre/lib/libnio.dylib
0x0000000112fdc000 	/Users/cetnav-mobile/.gradle/native/25/osx-amd64/libnative-platform.dylib
0x0000000122508000 	/Applications/AndroidStudio.app/Contents/jre/jdk/Contents/Home/jre/lib/libmanagement.dylib
0x0000000112e5c000 	/Applications/AndroidStudio.app/Contents/jre/jdk/Contents/Home/jre/lib/libsunec.dylib

VM Arguments:
jvm_args: -Xmx1536m -Dfile.encoding=UTF-8 -Duser.country=CN -Duser.language=zh -Duser.variant 
java_command: org.gradle.launcher.daemon.bootstrap.GradleDaemon 4.10.1
java_class_path (initial): /Users/cetnav-mobile/.gradle/wrapper/dists/gradle-4.10.1-all/455itskqi2qtf0v2sja68alqd/gradle-4.10.1/lib/gradle-launcher-4.10.1.jar
Launcher Type: SUN_STANDARD

Environment Variables:
PATH=/Users/cetnav-mobile/Documents/flutter/flutter/bin:/usr/local/bin:/usr/bin:/bin:/usr/sbin:/sbin:/Users/cetnav-mobile/Library/Android/sdk/tools:/Users/cetnav-mobile/Library/Android/sdk/platform-tools
SHELL=/bin/bash

Signal Handlers:
SIGSEGV: [libjvm.dylib+0x570b99], sa_mask[0]=11111111011111110111111111111111, sa_flags=SA_ONSTACK|SA_RESTART|SA_SIGINFO
SIGBUS: [libjvm.dylib+0x570b99], sa_mask[0]=11111111011111110111111111111111, sa_flags=SA_RESTART|SA_SIGINFO
SIGFPE: [libjvm.dylib+0x461f81], sa_mask[0]=11111111011111110111111111111111, sa_flags=SA_RESTART|SA_SIGINFO
SIGPIPE: [libjvm.dylib+0x461f81], sa_mask[0]=11111111011111110111111111111111, sa_flags=SA_RESTART|SA_SIGINFO
SIGXFSZ: [libjvm.dylib+0x461f81], sa_mask[0]=11111111011111110111111111111111, sa_flags=SA_RESTART|SA_SIGINFO
SIGILL: [libjvm.dylib+0x461f81], sa_mask[0]=11111111011111110111111111111111, sa_flags=SA_RESTART|SA_SIGINFO
SIGUSR1: SIG_DFL, sa_mask[0]=00000000000000000000000000000000, sa_flags=none
SIGUSR2: [libjvm.dylib+0x462892], sa_mask[0]=00100000000000000000000000000000, sa_flags=SA_RESTART|SA_SIGINFO
SIGHUP: [libjvm.dylib+0x460a7b], sa_mask[0]=11111111011111110111111111111111, sa_flags=SA_RESTART|SA_SIGINFO
SIGINT: [libjvm.dylib+0x460a7b], sa_mask[0]=11111111011111110111111111111111, sa_flags=SA_RESTART|SA_SIGINFO
SIGTERM: [libjvm.dylib+0x460a7b], sa_mask[0]=11111111011111110111111111111111, sa_flags=SA_RESTART|SA_SIGINFO
SIGQUIT: [libjvm.dylib+0x460a7b], sa_mask[0]=11111111011111110111111111111111, sa_flags=SA_RESTART|SA_SIGINFO


---------------  S Y S T E M  ---------------

OS:Bsduname:Darwin 17.6.0 Darwin Kernel Version 17.6.0: Tue May  8 15:22:16 PDT 2018; root:xnu-4570.61.1~1/RELEASE_X86_64 x86_64
rlimit: STACK 8192k, CORE 0k, NPROC 709, NOFILE 10240, AS infinity
load average:5.69 4.63 3.59

CPU:total 4 (initial active 4) (2 cores per cpu, 2 threads per core) family 6 model 58 stepping 9, cmov, cx8, fxsr, mmx, sse, sse2, sse3, ssse3, sse4.1, sse4.2, popcnt, avx, aes, clmul, erms, ht, tsc, tscinvbit, tscinv

Memory: 4k page, physical 10485760k(63936k free)

/proc/meminfo:


vm_info: OpenJDK 64-Bit Server VM (25.152-b01) for bsd-amd64 JRE (1.8.0_152-release-1248-b01), built by "builder" with gcc 4.2.1 Compatible Apple LLVM 9.1.0 (clang-902.0.39.2)

time: Sat Aug 24 10:42:51 2019
elapsed time: 3763 seconds (0d 1h 2m 43s)

